Arguments: 
  /Users/admin/.asdf/installs/nodejs/14.17.6/bin/node /Users/admin/.asdf/installs/nodejs/14.17.6/.npm/bin/yarn run

PATH: 
  /Users/admin/.asdf/plugins/nodejs/shims:/Users/admin/.asdf/installs/nodejs/14.17.6/.npm/bin:/Users/admin/.asdf/installs/nodejs/14.17.6/bin:/Users/admin/.asdf/shims:/usr/local/opt/asdf/libexec/bin:/usr/local/bin:/usr/bin:/bin:/usr/sbin:/sbin:/Library/Apple/usr/bin:/usr/local/opt/asdf/libexec/bin

Yarn version: 
  1.22.19

Node version: 
  14.17.6

Platform: 
  darwin x64

Trace: 
  SyntaxError: /Users/admin/Documents/rails_7_projects/render-deploy/package.json: Unexpected token } in JSON at position 169
      at JSON.parse (<anonymous>)
      at /Users/admin/.asdf/installs/nodejs/14.17.6/.npm/lib/node_modules/yarn/lib/cli.js:1629:59
      at Generator.next (<anonymous>)
      at step (/Users/admin/.asdf/installs/nodejs/14.17.6/.npm/lib/node_modules/yarn/lib/cli.js:310:30)
      at /Users/admin/.asdf/installs/nodejs/14.17.6/.npm/lib/node_modules/yarn/lib/cli.js:321:13

npm manifest: 
  {
    "name": "app",
    "private": "true",
    "scripts": {
      "build": "esbuild app/javascript/*.* --bundle --sourcemap --outdir=app/assets/builds --public-path=assets",
    }
  }

yarn manifest: 
  No manifest

Lockfile: 
  # THIS IS AN AUTOGENERATED FILE. DO NOT EDIT THIS FILE DIRECTLY.
  # yarn lockfile v1
